<?xml version="1.0" encoding="UTF-8"?>
<testsuite xmlns:xsi="http://www.w3.org/2001/XMLSchema-instance" xsi:noNamespaceSchemaLocation="https://maven.apache.org/surefire/maven-surefire-plugin/xsd/surefire-test-report-3.0.xsd" version="3.0" name="TestSuite" time="32.4" tests="1" errors="0" skipped="0" failures="1">
  <properties>
    <property name="sun.desktop" value="windows"/>
    <property name="awt.toolkit" value="sun.awt.windows.WToolkit"/>
    <property name="file.encoding.pkg" value="sun.io"/>
    <property name="java.specification.version" value="1.8"/>
    <property name="webdriver.chrome.driver" value="./drivers/chromedriver.exe"/>
    <property name="sun.cpu.isalist" value="amd64"/>
    <property name="sun.jnu.encoding" value="Cp1252"/>
    <property name="java.class.path" value="F:\SimpleFramework\H2\target\test-classes;F:\SimpleFramework\H2\target\classes;C:\Users\Pratibha\.m2\repository\org\seleniumhq\selenium\selenium-java\3.141.59\selenium-java-3.141.59.jar;C:\Users\Pratibha\.m2\repository\org\seleniumhq\selenium\selenium-api\3.141.59\selenium-api-3.141.59.jar;C:\Users\Pratibha\.m2\repository\org\seleniumhq\selenium\selenium-chrome-driver\3.141.59\selenium-chrome-driver-3.141.59.jar;C:\Users\Pratibha\.m2\repository\org\seleniumhq\selenium\selenium-edge-driver\3.141.59\selenium-edge-driver-3.141.59.jar;C:\Users\Pratibha\.m2\repository\org\seleniumhq\selenium\selenium-firefox-driver\3.141.59\selenium-firefox-driver-3.141.59.jar;C:\Users\Pratibha\.m2\repository\org\seleniumhq\selenium\selenium-ie-driver\3.141.59\selenium-ie-driver-3.141.59.jar;C:\Users\Pratibha\.m2\repository\org\seleniumhq\selenium\selenium-opera-driver\3.141.59\selenium-opera-driver-3.141.59.jar;C:\Users\Pratibha\.m2\repository\org\seleniumhq\selenium\selenium-remote-driver\3.141.59\selenium-remote-driver-3.141.59.jar;C:\Users\Pratibha\.m2\repository\org\seleniumhq\selenium\selenium-safari-driver\3.141.59\selenium-safari-driver-3.141.59.jar;C:\Users\Pratibha\.m2\repository\org\seleniumhq\selenium\selenium-support\3.141.59\selenium-support-3.141.59.jar;C:\Users\Pratibha\.m2\repository\net\bytebuddy\byte-buddy\1.8.15\byte-buddy-1.8.15.jar;C:\Users\Pratibha\.m2\repository\org\apache\commons\commons-exec\1.3\commons-exec-1.3.jar;C:\Users\Pratibha\.m2\repository\com\google\guava\guava\25.0-jre\guava-25.0-jre.jar;C:\Users\Pratibha\.m2\repository\com\google\code\findbugs\jsr305\1.3.9\jsr305-1.3.9.jar;C:\Users\Pratibha\.m2\repository\org\checkerframework\checker-compat-qual\2.0.0\checker-compat-qual-2.0.0.jar;C:\Users\Pratibha\.m2\repository\com\google\errorprone\error_prone_annotations\2.1.3\error_prone_annotations-2.1.3.jar;C:\Users\Pratibha\.m2\repository\com\google\j2objc\j2objc-annotations\1.1\j2objc-annotations-1.1.jar;C:\Users\Pratibha\.m2\repository\org\codehaus\mojo\animal-sniffer-annotations\1.14\animal-sniffer-annotations-1.14.jar;C:\Users\Pratibha\.m2\repository\com\squareup\okhttp3\okhttp\3.11.0\okhttp-3.11.0.jar;C:\Users\Pratibha\.m2\repository\com\squareup\okio\okio\1.14.0\okio-1.14.0.jar;C:\Users\Pratibha\.m2\repository\org\testng\testng\6.8\testng-6.8.jar;C:\Users\Pratibha\.m2\repository\junit\junit\4.10\junit-4.10.jar;C:\Users\Pratibha\.m2\repository\org\hamcrest\hamcrest-core\1.1\hamcrest-core-1.1.jar;C:\Users\Pratibha\.m2\repository\org\beanshell\bsh\2.0b4\bsh-2.0b4.jar;C:\Users\Pratibha\.m2\repository\com\beust\jcommander\1.27\jcommander-1.27.jar;C:\Users\Pratibha\.m2\repository\org\yaml\snakeyaml\1.6\snakeyaml-1.6.jar;C:\Users\Pratibha\.m2\repository\org\apache\poi\poi\4.1.2\poi-4.1.2.jar;C:\Users\Pratibha\.m2\repository\commons-codec\commons-codec\1.13\commons-codec-1.13.jar;C:\Users\Pratibha\.m2\repository\org\apache\commons\commons-collections4\4.4\commons-collections4-4.4.jar;C:\Users\Pratibha\.m2\repository\org\apache\commons\commons-math3\3.6.1\commons-math3-3.6.1.jar;C:\Users\Pratibha\.m2\repository\com\zaxxer\SparseBitSet\1.2\SparseBitSet-1.2.jar;C:\Users\Pratibha\.m2\repository\org\apache\poi\poi-ooxml\4.1.2\poi-ooxml-4.1.2.jar;C:\Users\Pratibha\.m2\repository\org\apache\poi\poi-ooxml-schemas\4.1.2\poi-ooxml-schemas-4.1.2.jar;C:\Users\Pratibha\.m2\repository\org\apache\xmlbeans\xmlbeans\3.1.0\xmlbeans-3.1.0.jar;C:\Users\Pratibha\.m2\repository\org\apache\commons\commons-compress\1.19\commons-compress-1.19.jar;C:\Users\Pratibha\.m2\repository\com\github\virtuald\curvesapi\1.06\curvesapi-1.06.jar;"/>
    <property name="java.vm.vendor" value="Oracle Corporation"/>
    <property name="sun.arch.data.model" value="64"/>
    <property name="user.variant" value=""/>
    <property name="java.vendor.url" value="http://java.oracle.com/"/>
    <property name="user.timezone" value="Asia/Calcutta"/>
    <property name="java.vm.specification.version" value="1.8"/>
    <property name="os.name" value="Windows 8.1"/>
    <property name="user.country" value="IN"/>
    <property name="sun.java.launcher" value="SUN_STANDARD"/>
    <property name="sun.boot.library.path" value="C:\Program Files\Java\jdk1.8.0_181\jre\bin"/>
    <property name="sun.java.command" value="C:\Users\Pratibha\AppData\Local\Temp\surefire3011808313848925262\surefirebooter8178765865045719803.jar C:\Users\Pratibha\AppData\Local\Temp\surefire3011808313848925262 2020-05-25T17-06-04_581-jvmRun1 surefire2732262186241273418tmp surefire_07325166624468660967tmp"/>
    <property name="surefire.test.class.path" value="F:\SimpleFramework\H2\target\test-classes;F:\SimpleFramework\H2\target\classes;C:\Users\Pratibha\.m2\repository\org\seleniumhq\selenium\selenium-java\3.141.59\selenium-java-3.141.59.jar;C:\Users\Pratibha\.m2\repository\org\seleniumhq\selenium\selenium-api\3.141.59\selenium-api-3.141.59.jar;C:\Users\Pratibha\.m2\repository\org\seleniumhq\selenium\selenium-chrome-driver\3.141.59\selenium-chrome-driver-3.141.59.jar;C:\Users\Pratibha\.m2\repository\org\seleniumhq\selenium\selenium-edge-driver\3.141.59\selenium-edge-driver-3.141.59.jar;C:\Users\Pratibha\.m2\repository\org\seleniumhq\selenium\selenium-firefox-driver\3.141.59\selenium-firefox-driver-3.141.59.jar;C:\Users\Pratibha\.m2\repository\org\seleniumhq\selenium\selenium-ie-driver\3.141.59\selenium-ie-driver-3.141.59.jar;C:\Users\Pratibha\.m2\repository\org\seleniumhq\selenium\selenium-opera-driver\3.141.59\selenium-opera-driver-3.141.59.jar;C:\Users\Pratibha\.m2\repository\org\seleniumhq\selenium\selenium-remote-driver\3.141.59\selenium-remote-driver-3.141.59.jar;C:\Users\Pratibha\.m2\repository\org\seleniumhq\selenium\selenium-safari-driver\3.141.59\selenium-safari-driver-3.141.59.jar;C:\Users\Pratibha\.m2\repository\org\seleniumhq\selenium\selenium-support\3.141.59\selenium-support-3.141.59.jar;C:\Users\Pratibha\.m2\repository\net\bytebuddy\byte-buddy\1.8.15\byte-buddy-1.8.15.jar;C:\Users\Pratibha\.m2\repository\org\apache\commons\commons-exec\1.3\commons-exec-1.3.jar;C:\Users\Pratibha\.m2\repository\com\google\guava\guava\25.0-jre\guava-25.0-jre.jar;C:\Users\Pratibha\.m2\repository\com\google\code\findbugs\jsr305\1.3.9\jsr305-1.3.9.jar;C:\Users\Pratibha\.m2\repository\org\checkerframework\checker-compat-qual\2.0.0\checker-compat-qual-2.0.0.jar;C:\Users\Pratibha\.m2\repository\com\google\errorprone\error_prone_annotations\2.1.3\error_prone_annotations-2.1.3.jar;C:\Users\Pratibha\.m2\repository\com\google\j2objc\j2objc-annotations\1.1\j2objc-annotations-1.1.jar;C:\Users\Pratibha\.m2\repository\org\codehaus\mojo\animal-sniffer-annotations\1.14\animal-sniffer-annotations-1.14.jar;C:\Users\Pratibha\.m2\repository\com\squareup\okhttp3\okhttp\3.11.0\okhttp-3.11.0.jar;C:\Users\Pratibha\.m2\repository\com\squareup\okio\okio\1.14.0\okio-1.14.0.jar;C:\Users\Pratibha\.m2\repository\org\testng\testng\6.8\testng-6.8.jar;C:\Users\Pratibha\.m2\repository\junit\junit\4.10\junit-4.10.jar;C:\Users\Pratibha\.m2\repository\org\hamcrest\hamcrest-core\1.1\hamcrest-core-1.1.jar;C:\Users\Pratibha\.m2\repository\org\beanshell\bsh\2.0b4\bsh-2.0b4.jar;C:\Users\Pratibha\.m2\repository\com\beust\jcommander\1.27\jcommander-1.27.jar;C:\Users\Pratibha\.m2\repository\org\yaml\snakeyaml\1.6\snakeyaml-1.6.jar;C:\Users\Pratibha\.m2\repository\org\apache\poi\poi\4.1.2\poi-4.1.2.jar;C:\Users\Pratibha\.m2\repository\commons-codec\commons-codec\1.13\commons-codec-1.13.jar;C:\Users\Pratibha\.m2\repository\org\apache\commons\commons-collections4\4.4\commons-collections4-4.4.jar;C:\Users\Pratibha\.m2\repository\org\apache\commons\commons-math3\3.6.1\commons-math3-3.6.1.jar;C:\Users\Pratibha\.m2\repository\com\zaxxer\SparseBitSet\1.2\SparseBitSet-1.2.jar;C:\Users\Pratibha\.m2\repository\org\apache\poi\poi-ooxml\4.1.2\poi-ooxml-4.1.2.jar;C:\Users\Pratibha\.m2\repository\org\apache\poi\poi-ooxml-schemas\4.1.2\poi-ooxml-schemas-4.1.2.jar;C:\Users\Pratibha\.m2\repository\org\apache\xmlbeans\xmlbeans\3.1.0\xmlbeans-3.1.0.jar;C:\Users\Pratibha\.m2\repository\org\apache\commons\commons-compress\1.19\commons-compress-1.19.jar;C:\Users\Pratibha\.m2\repository\com\github\virtuald\curvesapi\1.06\curvesapi-1.06.jar;"/>
    <property name="sun.cpu.endian" value="little"/>
    <property name="user.home" value="C:\Users\Pratibha"/>
    <property name="user.language" value="en"/>
    <property name="java.specification.vendor" value="Oracle Corporation"/>
    <property name="java.home" value="C:\Program Files\Java\jdk1.8.0_181\jre"/>
    <property name="basedir" value="F:\SimpleFramework\H2"/>
    <property name="file.separator" value="\"/>
    <property name="line.separator" value="&#10;"/>
    <property name="java.vm.specification.vendor" value="Oracle Corporation"/>
    <property name="java.specification.name" value="Java Platform API Specification"/>
    <property name="java.awt.graphicsenv" value="sun.awt.Win32GraphicsEnvironment"/>
    <property name="surefire.real.class.path" value="C:\Users\Pratibha\AppData\Local\Temp\surefire3011808313848925262\surefirebooter8178765865045719803.jar"/>
    <property name="sun.boot.class.path" value="C:\Program Files\Java\jdk1.8.0_181\jre\lib\resources.jar;C:\Program Files\Java\jdk1.8.0_181\jre\lib\rt.jar;C:\Program Files\Java\jdk1.8.0_181\jre\lib\sunrsasign.jar;C:\Program Files\Java\jdk1.8.0_181\jre\lib\jsse.jar;C:\Program Files\Java\jdk1.8.0_181\jre\lib\jce.jar;C:\Program Files\Java\jdk1.8.0_181\jre\lib\charsets.jar;C:\Program Files\Java\jdk1.8.0_181\jre\lib\jfr.jar;C:\Program Files\Java\jdk1.8.0_181\jre\classes"/>
    <property name="user.script" value=""/>
    <property name="sun.management.compiler" value="HotSpot 64-Bit Tiered Compilers"/>
    <property name="java.runtime.version" value="1.8.0_181-b13"/>
    <property name="user.name" value="Pratibha"/>
    <property name="path.separator" value=";"/>
    <property name="os.version" value="6.3"/>
    <property name="java.endorsed.dirs" value="C:\Program Files\Java\jdk1.8.0_181\jre\lib\endorsed"/>
    <property name="java.runtime.name" value="Java(TM) SE Runtime Environment"/>
    <property name="file.encoding" value="Cp1252"/>
    <property name="java.vm.name" value="Java HotSpot(TM) 64-Bit Server VM"/>
    <property name="localRepository" value="C:\Users\Pratibha\.m2\repository"/>
    <property name="java.vendor.url.bug" value="http://bugreport.sun.com/bugreport/"/>
    <property name="java.io.tmpdir" value="C:\Users\Pratibha\AppData\Local\Temp\"/>
    <property name="java.version" value="1.8.0_181"/>
    <property name="user.dir" value="F:\SimpleFramework\H2"/>
    <property name="os.arch" value="amd64"/>
    <property name="java.vm.specification.name" value="Java Virtual Machine Specification"/>
    <property name="java.awt.printerjob" value="sun.awt.windows.WPrinterJob"/>
    <property name="sun.os.patch.level" value=""/>
    <property name="java.library.path" value="C:\Program Files\Java\jdk1.8.0_181\jre\bin;C:\Windows\Sun\Java\bin;C:\Windows\system32;C:\Windows;C:/Program Files/Java/jre1.8.0_201/bin/server;C:/Program Files/Java/jre1.8.0_201/bin;C:/Program Files/Java/jre1.8.0_201/lib/amd64;C:\Program Files (x86)\Common Files\Oracle\Java\javapath;C:\Program Files\Java\jdk1.8.0_181\bin;C:\Program Files (x86)\Intel\UCRT\;C:\Program Files\Intel\UCRT\;C:\Program Files (x86)\Intel\Intel(R) Management Engine Components\DAL;C:\Program Files\Intel\Intel(R) Management Engine Components\DAL;C:\Program Files (x86)\Intel\Intel(R) Management Engine Components\IPT;C:\Program Files\Intel\Intel(R) Management Engine Components\IPT;C:\Android;C:\Windows\System32;C:\Program Files\MongoDB\Server\4.0\bin;C:\Users\Pratibha\Desktop;;."/>
    <property name="java.vm.info" value="mixed mode"/>
    <property name="java.vendor" value="Oracle Corporation"/>
    <property name="java.vm.version" value="25.181-b13"/>
    <property name="java.ext.dirs" value="C:\Program Files\Java\jdk1.8.0_181\jre\lib\ext;C:\Windows\Sun\Java\lib\ext"/>
    <property name="sun.io.unicode.encoding" value="UnicodeLittle"/>
    <property name="java.class.version" value="52.0"/>
  </properties>
  <testcase name="testcreateEmployee" classname="scripts.TestScripts" time="12.913">
    <failure message="no such element: Unable to locate element: {&quot;method&quot;:&quot;css selector&quot;,&quot;selector&quot;:&quot;#lastName&quot;}&#10;  (Session info: chrome=81.0.4044.138)&#10;For documentation on this error, please visit: https://www.seleniumhq.org/exceptions/no_such_element.html&#10;Build info: version: &apos;3.141.59&apos;, revision: &apos;e82be7d358&apos;, time: &apos;2018-11-14T08:17:03&apos;&#10;System info: host: &apos;TYSS&apos;, ip: &apos;192.168.1.3&apos;, os.name: &apos;Windows 8.1&apos;, os.arch: &apos;amd64&apos;, os.version: &apos;6.3&apos;, java.version: &apos;1.8.0_181&apos;&#10;Driver info: org.openqa.selenium.chrome.ChromeDriver&#10;Capabilities {acceptInsecureCerts: false, browserName: chrome, browserVersion: 81.0.4044.138, chrome: {chromedriverVersion: 81.0.4044.69 (6813546031a4b..., userDataDir: C:\Users\Pratibha\AppData\L...}, goog:chromeOptions: {debuggerAddress: localhost:64555}, javascriptEnabled: true, networkConnectionEnabled: false, pageLoadStrategy: normal, platform: WINDOWS, platformName: WINDOWS, proxy: Proxy(), setWindowRect: true, strictFileInteractability: false, timeouts: {implicit: 0, pageLoad: 300000, script: 30000}, unhandledPromptBehavior: dismiss and notify, webauthn:virtualAuthenticators: true}&#10;Session ID: c8c1a77362b7c9e4b55b169d3c63a130&#10;*** Element info: {Using=id, value=lastName}" type="org.openqa.selenium.NoSuchElementException"><![CDATA[org.openqa.selenium.NoSuchElementException: 
no such element: Unable to locate element: {"method":"css selector","selector":"#lastName"}
  (Session info: chrome=81.0.4044.138)
For documentation on this error, please visit: https://www.seleniumhq.org/exceptions/no_such_element.html
Build info: version: '3.141.59', revision: 'e82be7d358', time: '2018-11-14T08:17:03'
System info: host: 'TYSS', ip: '192.168.1.3', os.name: 'Windows 8.1', os.arch: 'amd64', os.version: '6.3', java.version: '1.8.0_181'
Driver info: org.openqa.selenium.chrome.ChromeDriver
Capabilities {acceptInsecureCerts: false, browserName: chrome, browserVersion: 81.0.4044.138, chrome: {chromedriverVersion: 81.0.4044.69 (6813546031a4b..., userDataDir: C:\Users\Pratibha\AppData\L...}, goog:chromeOptions: {debuggerAddress: localhost:64555}, javascriptEnabled: true, networkConnectionEnabled: false, pageLoadStrategy: normal, platform: WINDOWS, platformName: WINDOWS, proxy: Proxy(), setWindowRect: true, strictFileInteractability: false, timeouts: {implicit: 0, pageLoad: 300000, script: 30000}, unhandledPromptBehavior: dismiss and notify, webauthn:virtualAuthenticators: true}
Session ID: c8c1a77362b7c9e4b55b169d3c63a130
*** Element info: {Using=id, value=lastName}
	at scripts.TestScripts.testcreateEmployee(TestScripts.java:20)
]]></failure>
    <system-out><![CDATA[Tiltle is matchingOrangeHRM
]]></system-out>
    <system-err><![CDATA[Starting ChromeDriver 81.0.4044.69 (6813546031a4bc83f717a2ef7cd4ac6ec1199132-refs/branch-heads/4044@{#776}) on port 35108
Only local connections are allowed.
Please protect ports used by ChromeDriver and related test frameworks to prevent access by malicious code.
May 25, 2020 5:06:10 PM org.openqa.selenium.remote.ProtocolHandshake createSession
INFO: Detected dialect: W3C
[1590406576.855][SEVERE]: Timed out receiving message from renderer: 0.100
[1590406576.957][SEVERE]: Timed out receiving message from renderer: 0.100
[1590406577.076][SEVERE]: Timed out receiving message from renderer: 0.100
[1590406577.179][SEVERE]: Timed out receiving message from renderer: 0.100
[1590406577.303][SEVERE]: Timed out receiving message from renderer: 0.100
[1590406577.405][SEVERE]: Timed out receiving message from renderer: 0.100
[1590406577.510][SEVERE]: Timed out receiving message from renderer: 0.100
[1590406577.633][SEVERE]: Timed out receiving message from renderer: 0.100
[1590406577.742][SEVERE]: Timed out receiving message from renderer: 0.100
[1590406577.859][SEVERE]: Timed out receiving message from renderer: 0.100
[1590406577.960][SEVERE]: Timed out receiving message from renderer: 0.100
[1590406578.069][SEVERE]: Timed out receiving message from renderer: 0.100
[1590406578.173][SEVERE]: Timed out receiving message from renderer: 0.100
[1590406578.279][SEVERE]: Timed out receiving message from renderer: 0.100
[1590406578.384][SEVERE]: Timed out receiving message from renderer: 0.100
[1590406578.491][SEVERE]: Timed out receiving message from renderer: 0.100
[1590406578.595][SEVERE]: Timed out receiving message from renderer: 0.100
[1590406578.703][SEVERE]: Timed out receiving message from renderer: 0.100
[1590406578.808][SEVERE]: Timed out receiving message from renderer: 0.100
[1590406578.910][SEVERE]: Timed out receiving message from renderer: 0.100
[1590406579.015][SEVERE]: Timed out receiving message from renderer: 0.100
[1590406579.118][SEVERE]: Timed out receiving message from renderer: 0.100
[1590406579.222][SEVERE]: Timed out receiving message from renderer: 0.100
[1590406579.326][SEVERE]: Timed out receiving message from renderer: 0.100
[1590406579.457][SEVERE]: Timed out receiving message from renderer: 0.100
[1590406579.561][SEVERE]: Timed out receiving message from renderer: 0.100
[1590406579.671][SEVERE]: Timed out receiving message from renderer: 0.100
[1590406579.775][SEVERE]: Timed out receiving message from renderer: 0.100
[1590406579.877][SEVERE]: Timed out receiving message from renderer: 0.100
[1590406580.086][SEVERE]: Timed out receiving message from renderer: 0.100
[1590406580.202][SEVERE]: Timed out receiving message from renderer: 0.100
[1590406580.308][SEVERE]: Timed out receiving message from renderer: 0.100
[1590406580.412][SEVERE]: Timed out receiving message from renderer: 0.100
[1590406580.517][SEVERE]: Timed out receiving message from renderer: 0.100
[1590406580.622][SEVERE]: Timed out receiving message from renderer: 0.100
[1590406580.728][SEVERE]: Timed out receiving message from renderer: 0.100
[1590406580.830][SEVERE]: Timed out receiving message from renderer: 0.100
[1590406580.936][SEVERE]: Timed out receiving message from renderer: 0.100
[1590406581.038][SEVERE]: Timed out receiving message from renderer: 0.100
[1590406581.140][SEVERE]: Timed out receiving message from renderer: 0.100
[1590406581.246][SEVERE]: Timed out receiving message from renderer: 0.100
[1590406581.351][SEVERE]: Timed out receiving message from renderer: 0.100
[1590406581.455][SEVERE]: Timed out receiving message from renderer: 0.100
[1590406581.558][SEVERE]: Timed out receiving message from renderer: 0.100
[1590406581.662][SEVERE]: Timed out receiving message from renderer: 0.100
[1590406581.773][SEVERE]: Timed out receiving message from renderer: 0.100
[1590406581.875][SEVERE]: Timed out receiving message from renderer: 0.100
[1590406581.976][SEVERE]: Timed out receiving message from renderer: 0.100
[1590406582.078][SEVERE]: Timed out receiving message from renderer: 0.100
[1590406582.184][SEVERE]: Timed out receiving message from renderer: 0.100
[1590406582.290][SEVERE]: Timed out receiving message from renderer: 0.100
[1590406582.408][SEVERE]: Timed out receiving message from renderer: 0.100
[1590406582.510][SEVERE]: Timed out receiving message from renderer: 0.100
[1590406582.614][SEVERE]: Timed out receiving message from renderer: 0.100
[1590406582.717][SEVERE]: Timed out receiving message from renderer: 0.100
[1590406582.821][SEVERE]: Timed out receiving message from renderer: 0.100
[1590406582.925][SEVERE]: Timed out receiving message from renderer: 0.100
[1590406583.028][SEVERE]: Timed out receiving message from renderer: 0.100
[1590406583.131][SEVERE]: Timed out receiving message from renderer: 0.100
[1590406583.239][SEVERE]: Timed out receiving message from renderer: 0.100
[1590406583.343][SEVERE]: Timed out receiving message from renderer: 0.100
[1590406583.460][SEVERE]: Timed out receiving message from renderer: 0.100
[1590406583.561][SEVERE]: Timed out receiving message from renderer: 0.100
[1590406588.678][SEVERE]: Timed out receiving message from renderer: 0.100
[1590406588.787][SEVERE]: Timed out receiving message from renderer: 0.100
[1590406588.891][SEVERE]: Timed out receiving message from renderer: 0.100
[1590406589.008][SEVERE]: Timed out receiving message from renderer: 0.100
[1590406589.120][SEVERE]: Timed out receiving message from renderer: 0.100
[1590406589.232][SEVERE]: Timed out receiving message from renderer: 0.100
[1590406589.335][SEVERE]: Timed out receiving message from renderer: 0.100
[1590406589.438][SEVERE]: Timed out receiving message from renderer: 0.100
[1590406589.542][SEVERE]: Timed out receiving message from renderer: 0.100
[1590406589.644][SEVERE]: Timed out receiving message from renderer: 0.100
[1590406589.748][SEVERE]: Timed out receiving message from renderer: 0.100
[1590406589.851][SEVERE]: Timed out receiving message from renderer: 0.100
[1590406589.955][SEVERE]: Timed out receiving message from renderer: 0.100
[1590406590.082][SEVERE]: Timed out receiving message from renderer: 0.100
[1590406590.183][SEVERE]: Timed out receiving message from renderer: 0.100
[1590406590.287][SEVERE]: Timed out receiving message from renderer: 0.100
[1590406590.392][SEVERE]: Timed out receiving message from renderer: 0.100
[1590406590.532][SEVERE]: Timed out receiving message from renderer: 0.100
[1590406590.635][SEVERE]: Timed out receiving message from renderer: 0.100
[1590406590.737][SEVERE]: Timed out receiving message from renderer: 0.100
[1590406590.849][SEVERE]: Timed out receiving message from renderer: 0.100
[1590406591.010][SEVERE]: Timed out receiving message from renderer: 0.100
[1590406591.180][SEVERE]: Timed out receiving message from renderer: 0.100
[1590406591.287][SEVERE]: Timed out receiving message from renderer: 0.100
[1590406591.393][SEVERE]: Timed out receiving message from renderer: 0.100
[1590406591.499][SEVERE]: Timed out receiving message from renderer: 0.100
[1590406591.608][SEVERE]: Timed out receiving message from renderer: 0.100
[1590406591.713][SEVERE]: Timed out receiving message from renderer: 0.100
[1590406596.294][SEVERE]: Timed out receiving message from renderer: 0.100
[1590406596.401][SEVERE]: Timed out receiving message from renderer: 0.100
[1590406596.616][SEVERE]: Timed out receiving message from renderer: 0.100
[1590406596.731][SEVERE]: Timed out receiving message from renderer: 0.100
]]></system-err>
  </testcase>
</testsuite>