<?xml version="1.0" encoding="UTF-8"?>
<!-- Generated by org.testng.reporters.JUnitReportReporter -->
<testsuite skipped="0" hostname="TYSS" name="scripts.TestScripts" tests="1" failures="0" timestamp="2020-05-25T17:05:42 IST" time="12.458" errors="0">
  <testcase name="testcreateEmployee" time="12.458" classname="scripts.TestScripts"/>
</testsuite> <!-- scripts.TestScripts -->
